# JRE version: Java(TM) SE Runtime Environment (8.0_20-b26) (build 1.8.0_20-b26)
# Java VM: Java HotSpot(TM) 64-Bit Server VM (25.20-b23 mixed mode bsd-amd64 compressed oops)
Heap:
 PSYoungGen      total 149504K, used 70749K [0x0000000795580000, 0x00000007a3100000, 0x00000007c0000000)
  eden space 99328K, 20% used [0x0000000795580000,0x00000007969d7af0,0x000000079b680000)
  from space 50176K, 99% used [0x00000007a0000000,0x00000007a30bfc68,0x00000007a3100000)
  to   space 61952K, 0% used [0x000000079b800000,0x000000079b800000,0x000000079f480000)
 ParOldGen       total 271872K, used 162593K [0x0000000740000000, 0x0000000750980000, 0x0000000795580000)
  object space 271872K, 59% used [0x0000000740000000,0x0000000749ec86b0,0x0000000750980000)
 Metaspace       used 19826K, capacity 20696K, committed 20992K, reserved 1067008K
  class space    used 2800K, capacity 2997K, committed 3072K, reserved 1048576K
GC Heap History (10 events):
Event: 14.722 GC heap before
{Heap before GC invocations=4 (full 0):
 PSYoungGen      total 38400K, used 37748K [0x0000000795580000, 0x000000079a080000, 0x00000007c0000000)
  eden space 33280K, 98% used [0x0000000795580000,0x000000079755ed30,0x0000000797600000)
  from space 5120K, 99% used [0x0000000797600000,0x0000000797afe690,0x0000000797b00000)
  to   space 5120K, 0% used [0x0000000799b80000,0x0000000799b80000,0x000000079a080000)
 ParOldGen       total 87552K, used 48897K [0x0000000740000000, 0x0000000745580000, 0x0000000795580000)
  object space 87552K, 55% used [0x0000000740000000,0x0000000742fc0540,0x0000000745580000)
 Metaspace       used 19530K, capacity 20392K, committed 20736K, reserved 1067008K
  class space    used 2780K, capacity 2985K, committed 3072K, reserved 1048576K
Event: 14.768 GC heap after
Heap after GC invocations=4 (full 0):
 PSYoungGen      total 71680K, used 5097K [0x0000000795580000, 0x000000079a080000, 0x00000007c0000000)
  eden space 66560K, 0% used [0x0000000795580000,0x0000000795580000,0x0000000799680000)
  from space 5120K, 99% used [0x0000000799b80000,0x000000079a07a680,0x000000079a080000)
  to   space 5120K, 0% used [0x0000000799680000,0x0000000799680000,0x0000000799b80000)
 ParOldGen       total 87552K, used 80327K [0x0000000740000000, 0x0000000745580000, 0x0000000795580000)
  object space 87552K, 91% used [0x0000000740000000,0x0000000744e71c68,0x0000000745580000)
 Metaspace       used 19530K, capacity 20392K, committed 20736K, reserved 1067008K
  class space    used 2780K, capacity 2985K, committed 3072K, reserved 1048576K
}
Event: 14.768 GC heap before
{Heap before GC invocations=5 (full 1):
 PSYoungGen      total 71680K, used 5097K [0x0000000795580000, 0x000000079a080000, 0x00000007c0000000)
  eden space 66560K, 0% used [0x0000000795580000,0x0000000795580000,0x0000000799680000)
  from space 5120K, 99% used [0x0000000799b80000,0x000000079a07a680,0x000000079a080000)
  to   space 5120K, 0% used [0x0000000799680000,0x0000000799680000,0x0000000799b80000)
 ParOldGen       total 87552K, used 80327K [0x0000000740000000, 0x0000000745580000, 0x0000000795580000)
  object space 87552K, 91% used [0x0000000740000000,0x0000000744e71c68,0x0000000745580000)
 Metaspace       used 19530K, capacity 20392K, committed 20736K, reserved 1067008K
  class space    used 2780K, capacity 2985K, committed 3072K, reserved 1048576K
Event: 14.878 GC heap after
Heap after GC invocations=5 (full 1):
 PSYoungGen      total 71680K, used 0K [0x0000000795580000, 0x000000079a080000, 0x00000007c0000000)
  eden space 66560K, 0% used [0x0000000795580000,0x0000000795580000,0x0000000799680000)
  from space 5120K, 0% used [0x0000000799b80000,0x0000000799b80000,0x000000079a080000)
  to   space 5120K, 0% used [0x0000000799680000,0x0000000799680000,0x0000000799b80000)
 ParOldGen       total 166912K, used 84624K [0x0000000740000000, 0x000000074a300000, 0x0000000795580000)
  object space 166912K, 50% used [0x0000000740000000,0x00000007452a4120,0x000000074a300000)
 Metaspace       used 19529K, capacity 20390K, committed 20736K, reserved 1067008K
  class space    used 2780K, capacity 2984K, committed 3072K, reserved 1048576K
}
Event: 15.801 GC heap before
{Heap before GC invocations=6 (full 1):
 PSYoungGen      total 71680K, used 66323K [0x0000000795580000, 0x000000079a080000, 0x00000007c0000000)
  eden space 66560K, 99% used [0x0000000795580000,0x0000000799644c18,0x0000000799680000)
  from space 5120K, 0% used [0x0000000799b80000,0x0000000799b80000,0x000000079a080000)
  to   space 5120K, 0% used [0x0000000799680000,0x0000000799680000,0x0000000799b80000)
 ParOldGen       total 166912K, used 84624K [0x0000000740000000, 0x000000074a300000, 0x0000000795580000)
  object space 166912K, 50% used [0x0000000740000000,0x00000007452a4120,0x000000074a300000)
 Metaspace       used 19542K, capacity 20454K, committed 20736K, reserved 1067008K
  class space    used 2780K, capacity 2984K, committed 3072K, reserved 1048576K
Event: 15.853 GC heap after
Heap after GC invocations=6 (full 1):
 PSYoungGen      total 71680K, used 4680K [0x0000000795580000, 0x00000007a3100000, 0x00000007c0000000)
  eden space 66560K, 0% used [0x0000000795580000,0x0000000795580000,0x0000000799680000)
  from space 5120K, 91% used [0x0000000799680000,0x0000000799b12010,0x0000000799b80000)
  to   space 50176K, 0% used [0x00000007a0000000,0x00000007a0000000,0x00000007a3100000)
 ParOldGen       total 166912K, used 143858K [0x0000000740000000, 0x000000074a300000, 0x0000000795580000)
  object space 166912K, 86% used [0x0000000740000000,0x0000000748c7cbf8,0x000000074a300000)
 Metaspace       used 19542K, capacity 20454K, committed 20736K, reserved 1067008K
  class space    used 2780K, capacity 2984K, committed 3072K, reserved 1048576K
}
Event: 15.854 GC heap before
{Heap before GC invocations=7 (full 2):
 PSYoungGen      total 71680K, used 4680K [0x0000000795580000, 0x00000007a3100000, 0x00000007c0000000)
  eden space 66560K, 0% used [0x0000000795580000,0x0000000795580000,0x0000000799680000)
  from space 5120K, 91% used [0x0000000799680000,0x0000000799b12010,0x0000000799b80000)
  to   space 50176K, 0% used [0x00000007a0000000,0x00000007a0000000,0x00000007a3100000)
 ParOldGen       total 166912K, used 143858K [0x0000000740000000, 0x000000074a300000, 0x0000000795580000)
  object space 166912K, 86% used [0x0000000740000000,0x0000000748c7cbf8,0x000000074a300000)
 Metaspace       used 19542K, capacity 20454K, committed 20736K, reserved 1067008K
  class space    used 2780K, capacity 2984K, committed 3072K, reserved 1048576K
Event: 15.950 GC heap after
Heap after GC invocations=7 (full 2):
 PSYoungGen      total 71680K, used 0K [0x0000000795580000, 0x00000007a3100000, 0x00000007c0000000)
  eden space 66560K, 0% used [0x0000000795580000,0x0000000795580000,0x0000000799680000)
  from space 5120K, 0% used [0x0000000799680000,0x0000000799680000,0x0000000799b80000)
  to   space 50176K, 0% used [0x00000007a0000000,0x00000007a0000000,0x00000007a3100000)
 ParOldGen       total 271872K, used 148273K [0x0000000740000000, 0x0000000750980000, 0x0000000795580000)
  object space 271872K, 54% used [0x0000000740000000,0x00000007490cc588,0x0000000750980000)
 Metaspace       used 19542K, capacity 20454K, committed 20736K, reserved 1067008K
  class space    used 2780K, capacity 2984K, committed 3072K, reserved 1048576K
}
Event: 16.777 GC heap before
{Heap before GC invocations=8 (full 2):
 PSYoungGen      total 71680K, used 66208K [0x0000000795580000, 0x00000007a3100000, 0x00000007c0000000)
  eden space 66560K, 99% used [0x0000000795580000,0x0000000799628140,0x0000000799680000)
  from space 5120K, 0% used [0x0000000799680000,0x0000000799680000,0x0000000799b80000)
  to   space 50176K, 0% used [0x00000007a0000000,0x00000007a0000000,0x00000007a3100000)
 ParOldGen       total 271872K, used 148273K [0x0000000740000000, 0x0000000750980000, 0x0000000795580000)
  object space 271872K, 54% used [0x0000000740000000,0x00000007490cc588,0x0000000750980000)
 Metaspace       used 19556K, capacity 20454K, committed 20736K, reserved 1067008K
  class space    used 2781K, capacity 2984K, committed 3072K, reserved 1048576K
Event: 16.817 GC heap after
Heap after GC invocations=8 (full 2):
 PSYoungGen      total 149504K, used 49919K [0x0000000795580000, 0x00000007a3100000, 0x00000007c0000000)
  eden space 99328K, 0% used [0x0000000795580000,0x0000000795580000,0x000000079b680000)
  from space 50176K, 99% used [0x00000007a0000000,0x00000007a30bfc68,0x00000007a3100000)
  to   space 61952K, 0% used [0x000000079b800000,0x000000079b800000,0x000000079f480000)
 ParOldGen       total 271872K, used 162593K [0x0000000740000000, 0x0000000750980000, 0x0000000795580000)
  object space 271872K, 59% used [0x0000000740000000,0x0000000749ec86b0,0x0000000750980000)
 Metaspace       used 19556K, capacity 20454K, committed 20736K, reserved 1067008K
  class space    used 2781K, capacity 2984K, committed 3072K, reserved 1048576K
}

